<?xml version="1.0" encoding="UTF-8"?>
<!-- Generated by org.testng.reporters.JUnitReportReporter -->
<testsuite skipped="0" hostname="DESKTOP-MVPCIE6" name="org.testPack.Groww" tests="4" failures="0" timestamp="2021-07-22T12:58:25 IST" time="17.544" errors="0">
  <testcase name="Login" time="7.133" classname="org.testPack.Groww"/>
  <system-out/>
  <testcase name="verifyInvestmentIsPresentOntheScreen" time="2.008" classname="org.testPack.Groww"/>
  <system-out/>
  <testcase name="Login" time="7.191" classname="org.testPack.Groww"/>
  <system-out/>
  <testcase name="verifyInvestmentIsPresentOntheScreen" time="1.212" classname="org.testPack.Groww"/>
  <system-out/>
</testsuite> <!-- org.testPack.Groww -->
