<?xml version="1.0" encoding="UTF-8"?>
<!-- Generated by org.testng.reporters.JUnitReportReporter -->
<testsuite skipped="0" hostname="DESKTOP-MVPCIE6" name="org.testPack.Groww2" tests="1" failures="0" timestamp="2021-07-08T22:43:46 IST" time="0.001" errors="0">
  <testcase name="test2" time="0.001" classname="org.testPack.Groww2"/>
  <system-out/>
</testsuite> <!-- org.testPack.Groww2 -->
